This is pdfTeX, Version 3.14159265-2.6-1.40.19 (MiKTeX 2.9.6880 64-bit) (preloaded format=pdflatex 2019.1.2)  20 JAN 2019 05:18
entering extended mode
**./BSc_Ernstbrunner_01403753.tex
(BSc_Ernstbrunner_01403753.tex
LaTeX2e <2018-12-01>
("C:\Program Files\MiKTeX 2.9\tex\latex\koma-script\scrartcl.cls"
Document Class: scrartcl 2018/03/30 v3.25 KOMA-Script document class (article)
("C:\Program Files\MiKTeX 2.9\tex\latex\koma-script\scrkbase.sty"
Package: scrkbase 2018/03/30 v3.25 KOMA-Script package (KOMA-Script-dependent b
asics and keyval usage)

("C:\Program Files\MiKTeX 2.9\tex\latex\koma-script\scrbase.sty"
Package: scrbase 2018/03/30 v3.25 KOMA-Script package (KOMA-Script-independent 
basics and keyval usage)

("C:\Program Files\MiKTeX 2.9\tex\latex\graphics\keyval.sty"
Package: keyval 2014/10/28 v1.15 key=value parser (DPC)
\KV@toks@=\toks14
)
("C:\Program Files\MiKTeX 2.9\tex\latex\koma-script\scrlfile.sty"
Package: scrlfile 2018/03/30 v3.25 KOMA-Script package (loading files)
)))
("C:\Program Files\MiKTeX 2.9\tex\latex\koma-script\tocbasic.sty"
Package: tocbasic 2018/03/30 v3.25 KOMA-Script package (handling toc-files)
\scr@dte@tocline@numberwidth=\skip41
\scr@dte@tocline@numbox=\box27
)
Package tocbasic Info: omitting babel extension for `toc'
(tocbasic)             because of feature `nobabel' available
(tocbasic)             for `toc' on input line 134.
Class scrartcl Info: File `scrsize11pt.clo' used instead of
(scrartcl)           file `scrsize11.clo' to setup font sizes on input line 211
4.

("C:\Program Files\MiKTeX 2.9\tex\latex\koma-script\scrsize11pt.clo"
File: scrsize11pt.clo 2018/03/30 v3.25 KOMA-Script font size class option (11pt
)
)
("C:\Program Files\MiKTeX 2.9\tex\latex\koma-script\typearea.sty"
Package: typearea 2018/03/30 v3.25 KOMA-Script package (type area)
\ta@bcor=\skip42
\ta@div=\count80
\ta@hblk=\skip43
\ta@vblk=\skip44
\ta@temp=\skip45
\footheight=\skip46
Package typearea Info: These are the values describing the layout:
(typearea)             DIV  = 10
(typearea)             BCOR = 0.0pt
(typearea)             \paperwidth      = 597.50793pt
(typearea)              \textwidth      = 418.25555pt
(typearea)              DIV departure   = -6%
(typearea)              \evensidemargin = 17.3562pt
(typearea)              \oddsidemargin  = 17.3562pt
(typearea)             \paperheight     = 845.04694pt
(typearea)              \textheight     = 595.80026pt
(typearea)              \topmargin      = -25.16531pt
(typearea)              \headheight     = 17.0pt
(typearea)              \headsep        = 20.40001pt
(typearea)              \topskip        = 11.0pt
(typearea)              \footskip       = 47.6pt
(typearea)              \baselineskip   = 13.6pt
(typearea)              on input line 1706.
)
\c@part=\count81
\c@section=\count82
\c@subsection=\count83
\c@subsubsection=\count84
\c@paragraph=\count85
\c@subparagraph=\count86
\scr@dte@part@maxnumwidth=\skip47
\scr@dte@section@maxnumwidth=\skip48
\scr@dte@subsection@maxnumwidth=\skip49
\scr@dte@subsubsection@maxnumwidth=\skip50
\scr@dte@paragraph@maxnumwidth=\skip51
\scr@dte@subparagraph@maxnumwidth=\skip52
\abovecaptionskip=\skip53
\belowcaptionskip=\skip54
\c@pti@nb@sid@b@x=\box28
\scr@dte@figure@maxnumwidth=\skip55
Package tocbasic Info: omitting babel extension for `lof'
(tocbasic)             because of feature `nobabel' available
(tocbasic)             for `lof' on input line 5439.
\c@figure=\count87
\scr@dte@table@maxnumwidth=\skip56
Package tocbasic Info: omitting babel extension for `lot'
(tocbasic)             because of feature `nobabel' available
(tocbasic)             for `lot' on input line 5451.
\c@table=\count88
Class scrartcl Info: Redefining `\numberline' on input line 5615.
\bibindent=\dimen102
)
LaTeX Info: Redefining \rm on input line 5.
LaTeX Info: Redefining \sf on input line 6.
LaTeX Info: Redefining \tt on input line 7.
LaTeX Info: Redefining \bf on input line 8.
LaTeX Info: Redefining \it on input line 9.
LaTeX Info: Redefining \sl on input line 10.
LaTeX Info: Redefining \sc on input line 11.

("C:\Program Files\MiKTeX 2.9\tex\latex\multirow\multirow.sty"
Package: multirow 2018/08/03 v2.3 Span multiple rows of a table
\multirow@colwidth=\skip57
\multirow@cntb=\count89
\multirow@dima=\skip58
\bigstrutjot=\dimen103
)
("C:\Program Files\MiKTeX 2.9\tex\latex\base\inputenc.sty"
Package: inputenc 2018/08/11 v1.3c Input encoding file
\inpenc@prehook=\toks15
\inpenc@posthook=\toks16
)
("C:\Program Files\MiKTeX 2.9\tex\latex\amsmath\amsmath.sty"
Package: amsmath 2018/12/01 v2.17b AMS math features
\@mathmargin=\skip59

For additional information on amsmath, use the `?' option.
("C:\Program Files\MiKTeX 2.9\tex\latex\amsmath\amstext.sty"
Package: amstext 2000/06/29 v2.01 AMS text

("C:\Program Files\MiKTeX 2.9\tex\latex\amsmath\amsgen.sty"
File: amsgen.sty 1999/11/30 v2.0 generic functions
\@emptytoks=\toks17
\ex@=\dimen104
))
("C:\Program Files\MiKTeX 2.9\tex\latex\amsmath\amsbsy.sty"
Package: amsbsy 1999/11/29 v1.2d Bold Symbols
\pmbraise@=\dimen105
)
("C:\Program Files\MiKTeX 2.9\tex\latex\amsmath\amsopn.sty"
Package: amsopn 2016/03/08 v2.02 operator names
)
\inf@bad=\count90
LaTeX Info: Redefining \frac on input line 223.
\uproot@=\count91
\leftroot@=\count92
LaTeX Info: Redefining \overline on input line 385.
\classnum@=\count93
\DOTSCASE@=\count94
LaTeX Info: Redefining \ldots on input line 482.
LaTeX Info: Redefining \dots on input line 485.
LaTeX Info: Redefining \cdots on input line 606.
\Mathstrutbox@=\box29
\strutbox@=\box30
\big@size=\dimen106
LaTeX Font Info:    Redeclaring font encoding OML on input line 729.
LaTeX Font Info:    Redeclaring font encoding OMS on input line 730.
\macc@depth=\count95
\c@MaxMatrixCols=\count96
\dotsspace@=\muskip10
\c@parentequation=\count97
\dspbrk@lvl=\count98
\tag@help=\toks18
\row@=\count99
\column@=\count100
\maxfields@=\count101
\andhelp@=\toks19
\eqnshift@=\dimen107
\alignsep@=\dimen108
\tagshift@=\dimen109
\tagwidth@=\dimen110
\totwidth@=\dimen111
\lineht@=\dimen112
\@envbody=\toks20
\multlinegap=\skip60
\multlinetaggap=\skip61
\mathdisplay@stack=\toks21
LaTeX Info: Redefining \[ on input line 2844.
LaTeX Info: Redefining \] on input line 2845.
)
("C:\Program Files\MiKTeX 2.9\tex\latex\amsfonts\amssymb.sty"
Package: amssymb 2013/01/14 v3.01 AMS font symbols

("C:\Program Files\MiKTeX 2.9\tex\latex\amsfonts\amsfonts.sty"
Package: amsfonts 2013/01/14 v3.01 Basic AMSFonts support
\symAMSa=\mathgroup4
\symAMSb=\mathgroup5
LaTeX Font Info:    Overwriting math alphabet `\mathfrak' in version `bold'
(Font)                  U/euf/m/n --> U/euf/b/n on input line 106.
))
("C:\Program Files\MiKTeX 2.9\tex\latex\graphics\lscape.sty"
Package: lscape 2000/10/22 v3.01 Landscape Pages (DPC)

("C:\Program Files\MiKTeX 2.9\tex\latex\graphics\graphics.sty"
Package: graphics 2017/06/25 v1.2c Standard LaTeX Graphics (DPC,SPQR)

("C:\Program Files\MiKTeX 2.9\tex\latex\graphics\trig.sty"
Package: trig 2016/01/03 v1.10 sin cos tan (DPC)
)
("C:\Program Files\MiKTeX 2.9\tex\latex\graphics-cfg\graphics.cfg"
File: graphics.cfg 2016/06/04 v1.11 sample graphics configuration
)
Package graphics Info: Driver file: pdftex.def on input line 99.

("C:\Program Files\MiKTeX 2.9\tex\latex\graphics-def\pdftex.def"
File: pdftex.def 2018/01/08 v1.0l Graphics/color driver for pdftex
)))
("C:\Program Files\MiKTeX 2.9\tex\latex\algorithms\algorithmic.sty"
Package: algorithmic 2009/08/24 v0.1 Document Style `algorithmic'

("C:\Program Files\MiKTeX 2.9\tex\latex\base\ifthen.sty"
Package: ifthen 2014/09/29 v1.1c Standard LaTeX ifthen package (DPC)
)
\c@ALC@unique=\count102
\c@ALC@line=\count103
\c@ALC@rem=\count104
\c@ALC@depth=\count105
\ALC@tlm=\skip62
\algorithmicindent=\skip63
)
("C:\Program Files\MiKTeX 2.9\tex\latex\algorithms\algorithm.sty"
Package: algorithm 2009/08/24 v0.1 Document Style `algorithm' - floating enviro
nment

("C:\Program Files\MiKTeX 2.9\tex\latex\float\float.sty"
Package: float 2001/11/08 v1.3d Float enhancements (AL)
\c@float@type=\count106
\float@exts=\toks22
\float@box=\box31
\@float@everytoks=\toks23
\@floatcapt=\box32
)
\@float@every@algorithm=\toks24
\c@algorithm=\count107
)
("C:\Program Files\MiKTeX 2.9\tex\latex\xcolor\xcolor.sty"
Package: xcolor 2016/05/11 v2.12 LaTeX color extensions (UK)

("C:\Program Files\MiKTeX 2.9\tex\latex\graphics-cfg\color.cfg"
File: color.cfg 2016/01/02 v1.6 sample color configuration
)
Package xcolor Info: Driver file: pdftex.def on input line 225.
Package xcolor Info: Model `cmy' substituted by `cmy0' on input line 1348.
Package xcolor Info: Model `hsb' substituted by `rgb' on input line 1352.
Package xcolor Info: Model `RGB' extended on input line 1364.
Package xcolor Info: Model `HTML' substituted by `rgb' on input line 1366.
Package xcolor Info: Model `Hsb' substituted by `hsb' on input line 1367.
Package xcolor Info: Model `tHsb' substituted by `hsb' on input line 1368.
Package xcolor Info: Model `HSB' substituted by `hsb' on input line 1369.
Package xcolor Info: Model `Gray' substituted by `gray' on input line 1370.
Package xcolor Info: Model `wave' substituted by `hsb' on input line 1371.

("C:\Program Files\MiKTeX 2.9\tex\latex\graphics\dvipsnam.def"
File: dvipsnam.def 2016/06/17 v3.0m Driver-dependent file (DPC,SPQR)
))
("C:\Program Files\MiKTeX 2.9\tex\latex\yfonts\yfonts.sty"
Package: yfonts 2003/01/08 v1.3 (WaS)
Now handling font encoding LY ...
... no UTF-8 mapping file for font encoding LY
Now handling font encoding LYG ...
... no UTF-8 mapping file for font encoding LYG
LaTeX Info: Composite with undeclared \" in encoding LYG on input line 58.
)
("C:\Program Files\MiKTeX 2.9\tex\latex\base\fontenc.sty"
Package: fontenc 2018/08/11 v2.0j Standard LaTeX package

("C:\Program Files\MiKTeX 2.9\tex\latex\base\t1enc.def"
File: t1enc.def 2018/08/11 v2.0j Standard LaTeX file
LaTeX Font Info:    Redeclaring font encoding T1 on input line 48.
))
("C:\Program Files\MiKTeX 2.9\tex\latex\appendix\appendix.sty"
Package: appendix 2009/09/02 v1.2b extra appendix facilities
\c@@pps=\count108
\c@@ppsavesec=\count109
\c@@ppsaveapp=\count110
)
("C:\Program Files\MiKTeX 2.9\tex\latex\graphics\graphicx.sty"
Package: graphicx 2017/06/01 v1.1a Enhanced LaTeX Graphics (DPC,SPQR)
\Gin@req@height=\dimen113
\Gin@req@width=\dimen114
)
("C:\Program Files\MiKTeX 2.9\tex\latex\hyperref\hyperref.sty"
Package: hyperref 2018/11/30 v6.88e Hypertext links for LaTeX

("C:\Program Files\MiKTeX 2.9\tex\generic\oberdiek\hobsub-hyperref.sty"
Package: hobsub-hyperref 2016/05/16 v1.14 Bundle oberdiek, subset hyperref (HO)


("C:\Program Files\MiKTeX 2.9\tex\generic\oberdiek\hobsub-generic.sty"
Package: hobsub-generic 2016/05/16 v1.14 Bundle oberdiek, subset generic (HO)
Package: hobsub 2016/05/16 v1.14 Construct package bundles (HO)
Package: infwarerr 2016/05/16 v1.4 Providing info/warning/error messages (HO)
Package: ltxcmds 2016/05/16 v1.23 LaTeX kernel commands for general use (HO)
Package: ifluatex 2016/05/16 v1.4 Provides the ifluatex switch (HO)
Package ifluatex Info: LuaTeX not detected.
Package: ifvtex 2016/05/16 v1.6 Detect VTeX and its facilities (HO)
Package ifvtex Info: VTeX not detected.
Package: intcalc 2016/05/16 v1.2 Expandable calculations with integers (HO)
Package: ifpdf 2018/09/07 v3.3 Provides the ifpdf switch
Package: etexcmds 2016/05/16 v1.6 Avoid name clashes with e-TeX commands (HO)
Package: kvsetkeys 2016/05/16 v1.17 Key value parser (HO)
Package: kvdefinekeys 2016/05/16 v1.4 Define keys (HO)
Package: pdftexcmds 2018/09/10 v0.29 Utility functions of pdfTeX for LuaTeX (HO
)
Package pdftexcmds Info: LuaTeX not detected.
Package pdftexcmds Info: \pdf@primitive is available.
Package pdftexcmds Info: \pdf@ifprimitive is available.
Package pdftexcmds Info: \pdfdraftmode found.
Package: pdfescape 2016/05/16 v1.14 Implements pdfTeX's escape features (HO)
Package: bigintcalc 2016/05/16 v1.4 Expandable calculations on big integers (HO
)
Package: bitset 2016/05/16 v1.2 Handle bit-vector datatype (HO)
Package: uniquecounter 2016/05/16 v1.3 Provide unlimited unique counter (HO)
)
Package hobsub Info: Skipping package `hobsub' (already loaded).
Package: letltxmacro 2016/05/16 v1.5 Let assignment for LaTeX macros (HO)
Package: hopatch 2016/05/16 v1.3 Wrapper for package hooks (HO)
Package: xcolor-patch 2016/05/16 xcolor patch
Package: atveryend 2016/05/16 v1.9 Hooks at the very end of document (HO)
Package atveryend Info: \enddocument detected (standard20110627).
Package: atbegshi 2016/06/09 v1.18 At begin shipout hook (HO)
Package: refcount 2016/05/16 v3.5 Data extraction from label references (HO)
Package: hycolor 2016/05/16 v1.8 Color options for hyperref/bookmark (HO)
)
("C:\Program Files\MiKTeX 2.9\tex\generic\ifxetex\ifxetex.sty"
Package: ifxetex 2010/09/12 v0.6 Provides ifxetex conditional
)
("C:\Program Files\MiKTeX 2.9\tex\latex\oberdiek\auxhook.sty"
Package: auxhook 2016/05/16 v1.4 Hooks for auxiliary files (HO)
)
("C:\Program Files\MiKTeX 2.9\tex\latex\oberdiek\kvoptions.sty"
Package: kvoptions 2016/05/16 v3.12 Key value format for package options (HO)
)
\@linkdim=\dimen115
\Hy@linkcounter=\count111
\Hy@pagecounter=\count112

("C:\Program Files\MiKTeX 2.9\tex\latex\hyperref\pd1enc.def"
File: pd1enc.def 2018/11/30 v6.88e Hyperref: PDFDocEncoding definition (HO)
Now handling font encoding PD1 ...
... no UTF-8 mapping file for font encoding PD1
)
\Hy@SavedSpaceFactor=\count113

("C:\Program Files\MiKTeX 2.9\tex\latex\00miktex\hyperref.cfg"
File: hyperref.cfg 2002/06/06 v1.2 hyperref configuration of TeXLive
)
Package hyperref Info: Hyper figures OFF on input line 4519.
Package hyperref Info: Link nesting OFF on input line 4524.
Package hyperref Info: Hyper index ON on input line 4527.
Package hyperref Info: Plain pages OFF on input line 4534.
Package hyperref Info: Backreferencing OFF on input line 4539.
Package hyperref Info: Implicit mode ON; LaTeX internals redefined.
Package hyperref Info: Bookmarks ON on input line 4772.
\c@Hy@tempcnt=\count114

("C:\Program Files\MiKTeX 2.9\tex\latex\url\url.sty"
\Urlmuskip=\muskip11
Package: url 2013/09/16  ver 3.4  Verb mode for urls, etc.
)
LaTeX Info: Redefining \url on input line 5125.
\XeTeXLinkMargin=\dimen116
\Fld@menulength=\count115
\Field@Width=\dimen117
\Fld@charsize=\dimen118
Package hyperref Info: Hyper figures OFF on input line 6380.
Package hyperref Info: Link nesting OFF on input line 6385.
Package hyperref Info: Hyper index ON on input line 6388.
Package hyperref Info: backreferencing OFF on input line 6395.
Package hyperref Info: Link coloring OFF on input line 6400.
Package hyperref Info: Link coloring with OCG OFF on input line 6405.
Package hyperref Info: PDF/A mode OFF on input line 6410.
LaTeX Info: Redefining \ref on input line 6450.
LaTeX Info: Redefining \pageref on input line 6454.
\Hy@abspage=\count116
\c@Item=\count117
\c@Hfootnote=\count118
)
Package hyperref Info: Driver (autodetected): hpdftex.

("C:\Program Files\MiKTeX 2.9\tex\latex\hyperref\hpdftex.def"
File: hpdftex.def 2018/11/30 v6.88e Hyperref driver for pdfTeX
\Fld@listcount=\count119
\c@bookmark@seq@number=\count120

("C:\Program Files\MiKTeX 2.9\tex\latex\oberdiek\rerunfilecheck.sty"
Package: rerunfilecheck 2016/05/16 v1.8 Rerun checks for auxiliary files (HO)
Package uniquecounter Info: New unique counter `rerunfilecheck' on input line 2
82.
)
\Hy@SectionHShift=\skip64
)
("C:\Program Files\MiKTeX 2.9\tex\latex\blkarray\blkarray.sty"
Package: blkarray 2015/02/27 v0.07 Block array (dpc)
\c@BAenumi=\count121
\BA@col=\count122
\BA@block@cnt=\count123
\BA@final@box=\box33
\BA@first@box=\box34
\BA@colsep=\dimen119
\BA@ftn=\toks25
\BAextrarowheight=\dimen120
\BAextraheightafterhline=\dimen121
\BAarrayrulewidth=\dimen122
\BAdoublerulesep=\dimen123
\BAfootskip=\dimen124
\BA@dashbox=\box35
\BA@ddashbox=\box36
)
("C:\Program Files\MiKTeX 2.9\tex\latex\cancel\cancel.sty"
Package: cancel 2013/04/12 v2.2 Cancel math terms
)
("C:\Program Files\MiKTeX 2.9\tex\latex\enumitem\enumitem.sty"
Package: enumitem 2018/11/30 v3.6 Customized lists
\labelindent=\skip65
\enit@outerparindent=\dimen125
\enit@toks=\toks26
\enit@inbox=\box37
\enitdp@description=\count124
)
("C:\Program Files\MiKTeX 2.9\tex\latex\listings\listings.sty"
\lst@mode=\count125
\lst@gtempboxa=\box38
\lst@token=\toks27
\lst@length=\count126
\lst@currlwidth=\dimen126
\lst@column=\count127
\lst@pos=\count128
\lst@lostspace=\dimen127
\lst@width=\dimen128
\lst@newlines=\count129
\lst@lineno=\count130
\lst@maxwidth=\dimen129

("C:\Program Files\MiKTeX 2.9\tex\latex\listings\lstmisc.sty"
File: lstmisc.sty 2018/09/02 1.7 (Carsten Heinz)
\c@lstnumber=\count131
\lst@skipnumbers=\count132
\lst@framebox=\box39
)
("C:\Program Files\MiKTeX 2.9\tex\latex\listings\listings.cfg"
File: listings.cfg 2018/09/02 1.7 listings configuration
))
Package: listings 2018/09/02 1.7 (Carsten Heinz)

("C:\Program Files\MiKTeX 2.9\tex\latex\pdfpages\pdfpages.sty"
Package: pdfpages 2017/10/31 v0.5l Insert pages of external PDF documents (AM)

("C:\Program Files\MiKTeX 2.9\tex\latex\tools\calc.sty"
Package: calc 2017/05/25 v4.3 Infix arithmetic (KKT,FJ)
\calc@Acount=\count133
\calc@Bcount=\count134
\calc@Adimen=\dimen130
\calc@Bdimen=\dimen131
\calc@Askip=\skip66
\calc@Bskip=\skip67
LaTeX Info: Redefining \setlength on input line 80.
LaTeX Info: Redefining \addtolength on input line 81.
\calc@Ccount=\count135
\calc@Cskip=\skip68
)
("C:\Program Files\MiKTeX 2.9\tex\latex\eso-pic\eso-pic.sty"
Package: eso-pic 2018/04/12 v2.0h eso-pic (RN)
)
\AM@pagewidth=\dimen132
\AM@pageheight=\dimen133

("C:\Program Files\MiKTeX 2.9\tex\latex\pdfpages\pppdftex.def"
File: pppdftex.def 2017/10/31 v0.5l Pdfpages driver for pdfTeX (AM)
)
\AM@pagebox=\box40
\AM@global@opts=\toks28
\AM@toc@title=\toks29
\c@AM@survey=\count136
\AM@templatesizebox=\box41
)
("C:\Program Files\MiKTeX 2.9\tex\latex\psnfss\helvet.sty"
Package: helvet 2005/04/12 PSNFSS-v9.2a (WaS) 
)
("C:\Program Files\MiKTeX 2.9\tex\latex\pgf\frontendlayer\tikz.sty"
("C:\Program Files\MiKTeX 2.9\tex\latex\pgf\basiclayer\pgf.sty"
("C:\Program Files\MiKTeX 2.9\tex\latex\pgf\utilities\pgfrcs.sty"
("C:\Program Files\MiKTeX 2.9\tex\generic\pgf\utilities\pgfutil-common.tex"
\pgfutil@everybye=\toks30
\pgfutil@tempdima=\dimen134
\pgfutil@tempdimb=\dimen135

("C:\Program Files\MiKTeX 2.9\tex\generic\pgf\utilities\pgfutil-common-lists.te
x")) ("C:\Program Files\MiKTeX 2.9\tex\generic\pgf\utilities\pgfutil-latex.def"
\pgfutil@abb=\box42
("C:\Program Files\MiKTeX 2.9\tex\latex\ms\everyshi.sty"
Package: everyshi 2001/05/15 v3.00 EveryShipout Package (MS)
))
("C:\Program Files\MiKTeX 2.9\tex\generic\pgf\utilities\pgfrcs.code.tex"
Package: pgfrcs 2015/08/07 v3.0.1a (rcs-revision 1.31)
))
Package: pgf 2015/08/07 v3.0.1a (rcs-revision 1.15)

("C:\Program Files\MiKTeX 2.9\tex\latex\pgf\basiclayer\pgfcore.sty"
("C:\Program Files\MiKTeX 2.9\tex\latex\pgf\systemlayer\pgfsys.sty"
("C:\Program Files\MiKTeX 2.9\tex\generic\pgf\systemlayer\pgfsys.code.tex"
Package: pgfsys 2014/07/09 v3.0.1a (rcs-revision 1.48)

("C:\Program Files\MiKTeX 2.9\tex\generic\pgf\utilities\pgfkeys.code.tex"
\pgfkeys@pathtoks=\toks31
\pgfkeys@temptoks=\toks32

("C:\Program Files\MiKTeX 2.9\tex\generic\pgf\utilities\pgfkeysfiltered.code.te
x"
\pgfkeys@tmptoks=\toks33
))
\pgf@x=\dimen136
\pgf@y=\dimen137
\pgf@xa=\dimen138
\pgf@ya=\dimen139
\pgf@xb=\dimen140
\pgf@yb=\dimen141
\pgf@xc=\dimen142
\pgf@yc=\dimen143
\w@pgf@writea=\write3
\r@pgf@reada=\read1
\c@pgf@counta=\count137
\c@pgf@countb=\count138
\c@pgf@countc=\count139
\c@pgf@countd=\count140
\t@pgf@toka=\toks34
\t@pgf@tokb=\toks35
\t@pgf@tokc=\toks36
 ("C:\Program Files\MiKTeX 2.9\tex\generic\pgf\systemlayer\pgf.cfg"
File: pgf.cfg 2008/05/14  (rcs-revision 1.7)
)
Driver file for pgf: pgfsys-pdftex.def

("C:\Program Files\MiKTeX 2.9\tex\generic\pgf\systemlayer\pgfsys-pdftex.def"
File: pgfsys-pdftex.def 2014/10/11  (rcs-revision 1.35)

("C:\Program Files\MiKTeX 2.9\tex\generic\pgf\systemlayer\pgfsys-common-pdf.def
"
File: pgfsys-common-pdf.def 2013/10/10  (rcs-revision 1.13)
)))
("C:\Program Files\MiKTeX 2.9\tex\generic\pgf\systemlayer\pgfsyssoftpath.code.t
ex"
File: pgfsyssoftpath.code.tex 2013/09/09  (rcs-revision 1.9)
\pgfsyssoftpath@smallbuffer@items=\count141
\pgfsyssoftpath@bigbuffer@items=\count142
)
("C:\Program Files\MiKTeX 2.9\tex\generic\pgf\systemlayer\pgfsysprotocol.code.t
ex"
File: pgfsysprotocol.code.tex 2006/10/16  (rcs-revision 1.4)
)) ("C:\Program Files\MiKTeX 2.9\tex\generic\pgf\basiclayer\pgfcore.code.tex"
Package: pgfcore 2010/04/11 v3.0.1a (rcs-revision 1.7)
 ("C:\Program Files\MiKTeX 2.9\tex\generic\pgf\math\pgfmath.code.tex"
("C:\Program Files\MiKTeX 2.9\tex\generic\pgf\math\pgfmathcalc.code.tex"
("C:\Program Files\MiKTeX 2.9\tex\generic\pgf\math\pgfmathutil.code.tex")
("C:\Program Files\MiKTeX 2.9\tex\generic\pgf\math\pgfmathparser.code.tex"
\pgfmath@dimen=\dimen144
\pgfmath@count=\count143
\pgfmath@box=\box43
\pgfmath@toks=\toks37
\pgfmath@stack@operand=\toks38
\pgfmath@stack@operation=\toks39
)
("C:\Program Files\MiKTeX 2.9\tex\generic\pgf\math\pgfmathfunctions.code.tex"
("C:\Program Files\MiKTeX 2.9\tex\generic\pgf\math\pgfmathfunctions.basic.code.
tex")
("C:\Program Files\MiKTeX 2.9\tex\generic\pgf\math\pgfmathfunctions.trigonometr
ic.code.tex")
("C:\Program Files\MiKTeX 2.9\tex\generic\pgf\math\pgfmathfunctions.random.code
.tex")
("C:\Program Files\MiKTeX 2.9\tex\generic\pgf\math\pgfmathfunctions.comparison.
code.tex")
("C:\Program Files\MiKTeX 2.9\tex\generic\pgf\math\pgfmathfunctions.base.code.t
ex")
("C:\Program Files\MiKTeX 2.9\tex\generic\pgf\math\pgfmathfunctions.round.code.
tex")
("C:\Program Files\MiKTeX 2.9\tex\generic\pgf\math\pgfmathfunctions.misc.code.t
ex")
("C:\Program Files\MiKTeX 2.9\tex\generic\pgf\math\pgfmathfunctions.integerarit
hmetics.code.tex")))
("C:\Program Files\MiKTeX 2.9\tex\generic\pgf\math\pgfmathfloat.code.tex"
\c@pgfmathroundto@lastzeros=\count144
))
("C:\Program Files\MiKTeX 2.9\tex\generic\pgf\basiclayer\pgfcorepoints.code.tex
"
File: pgfcorepoints.code.tex 2013/10/07  (rcs-revision 1.27)
\pgf@picminx=\dimen145
\pgf@picmaxx=\dimen146
\pgf@picminy=\dimen147
\pgf@picmaxy=\dimen148
\pgf@pathminx=\dimen149
\pgf@pathmaxx=\dimen150
\pgf@pathminy=\dimen151
\pgf@pathmaxy=\dimen152
\pgf@xx=\dimen153
\pgf@xy=\dimen154
\pgf@yx=\dimen155
\pgf@yy=\dimen156
\pgf@zx=\dimen157
\pgf@zy=\dimen158
)
("C:\Program Files\MiKTeX 2.9\tex\generic\pgf\basiclayer\pgfcorepathconstruct.c
ode.tex"
File: pgfcorepathconstruct.code.tex 2013/10/07  (rcs-revision 1.29)
\pgf@path@lastx=\dimen159
\pgf@path@lasty=\dimen160
)
("C:\Program Files\MiKTeX 2.9\tex\generic\pgf\basiclayer\pgfcorepathusage.code.
tex"
File: pgfcorepathusage.code.tex 2014/11/02  (rcs-revision 1.24)
\pgf@shorten@end@additional=\dimen161
\pgf@shorten@start@additional=\dimen162
)
("C:\Program Files\MiKTeX 2.9\tex\generic\pgf\basiclayer\pgfcorescopes.code.tex
"
File: pgfcorescopes.code.tex 2015/05/08  (rcs-revision 1.46)
\pgfpic=\box44
\pgf@hbox=\box45
\pgf@layerbox@main=\box46
\pgf@picture@serial@count=\count145
)
("C:\Program Files\MiKTeX 2.9\tex\generic\pgf\basiclayer\pgfcoregraphicstate.co
de.tex"
File: pgfcoregraphicstate.code.tex 2014/11/02  (rcs-revision 1.12)
\pgflinewidth=\dimen163
)
("C:\Program Files\MiKTeX 2.9\tex\generic\pgf\basiclayer\pgfcoretransformations
.code.tex"
File: pgfcoretransformations.code.tex 2015/08/07  (rcs-revision 1.20)
\pgf@pt@x=\dimen164
\pgf@pt@y=\dimen165
\pgf@pt@temp=\dimen166
)
("C:\Program Files\MiKTeX 2.9\tex\generic\pgf\basiclayer\pgfcorequick.code.tex"
File: pgfcorequick.code.tex 2008/10/09  (rcs-revision 1.3)
)
("C:\Program Files\MiKTeX 2.9\tex\generic\pgf\basiclayer\pgfcoreobjects.code.te
x"
File: pgfcoreobjects.code.tex 2006/10/11  (rcs-revision 1.2)
)
("C:\Program Files\MiKTeX 2.9\tex\generic\pgf\basiclayer\pgfcorepathprocessing.
code.tex"
File: pgfcorepathprocessing.code.tex 2013/09/09  (rcs-revision 1.9)
)
("C:\Program Files\MiKTeX 2.9\tex\generic\pgf\basiclayer\pgfcorearrows.code.tex
"
File: pgfcorearrows.code.tex 2015/05/14  (rcs-revision 1.43)
\pgfarrowsep=\dimen167
)
("C:\Program Files\MiKTeX 2.9\tex\generic\pgf\basiclayer\pgfcoreshade.code.tex"
File: pgfcoreshade.code.tex 2013/07/15  (rcs-revision 1.15)
\pgf@max=\dimen168
\pgf@sys@shading@range@num=\count146
) ("C:\Program Files\MiKTeX 2.9\tex\generic\pgf\basiclayer\pgfcoreimage.code.te
x"
File: pgfcoreimage.code.tex 2013/07/15  (rcs-revision 1.18)

("C:\Program Files\MiKTeX 2.9\tex\generic\pgf\basiclayer\pgfcoreexternal.code.t
ex"
File: pgfcoreexternal.code.tex 2014/07/09  (rcs-revision 1.21)
\pgfexternal@startupbox=\box47
))
("C:\Program Files\MiKTeX 2.9\tex\generic\pgf\basiclayer\pgfcorelayers.code.tex
"
File: pgfcorelayers.code.tex 2013/07/18  (rcs-revision 1.7)
)
("C:\Program Files\MiKTeX 2.9\tex\generic\pgf\basiclayer\pgfcoretransparency.co
de.tex"
File: pgfcoretransparency.code.tex 2013/09/30  (rcs-revision 1.5)
)
("C:\Program Files\MiKTeX 2.9\tex\generic\pgf\basiclayer\pgfcorepatterns.code.t
ex"
File: pgfcorepatterns.code.tex 2013/11/07  (rcs-revision 1.5)
)))
("C:\Program Files\MiKTeX 2.9\tex\generic\pgf\modules\pgfmoduleshapes.code.tex"
File: pgfmoduleshapes.code.tex 2014/03/21  (rcs-revision 1.35)
\pgfnodeparttextbox=\box48
) ("C:\Program Files\MiKTeX 2.9\tex\generic\pgf\modules\pgfmoduleplot.code.tex"
File: pgfmoduleplot.code.tex 2015/08/03  (rcs-revision 1.13)
)
("C:\Program Files\MiKTeX 2.9\tex\latex\pgf\compatibility\pgfcomp-version-0-65.
sty"
Package: pgfcomp-version-0-65 2007/07/03 v3.0.1a (rcs-revision 1.7)
\pgf@nodesepstart=\dimen169
\pgf@nodesepend=\dimen170
)
("C:\Program Files\MiKTeX 2.9\tex\latex\pgf\compatibility\pgfcomp-version-1-18.
sty"
Package: pgfcomp-version-1-18 2007/07/23 v3.0.1a (rcs-revision 1.1)
)) ("C:\Program Files\MiKTeX 2.9\tex\latex\pgf\utilities\pgffor.sty"
("C:\Program Files\MiKTeX 2.9\tex\latex\pgf\utilities\pgfkeys.sty"
("C:\Program Files\MiKTeX 2.9\tex\generic\pgf\utilities\pgfkeys.code.tex"))
("C:\Program Files\MiKTeX 2.9\tex\latex\pgf\math\pgfmath.sty"
("C:\Program Files\MiKTeX 2.9\tex\generic\pgf\math\pgfmath.code.tex"))
("C:\Program Files\MiKTeX 2.9\tex\generic\pgf\utilities\pgffor.code.tex"
Package: pgffor 2013/12/13 v3.0.1a (rcs-revision 1.25)

("C:\Program Files\MiKTeX 2.9\tex\generic\pgf\math\pgfmath.code.tex")
\pgffor@iter=\dimen171
\pgffor@skip=\dimen172
\pgffor@stack=\toks40
\pgffor@toks=\toks41
))
("C:\Program Files\MiKTeX 2.9\tex\generic\pgf\frontendlayer\tikz\tikz.code.tex"
Package: tikz 2015/08/07 v3.0.1a (rcs-revision 1.151)

("C:\Program Files\MiKTeX 2.9\tex\generic\pgf\libraries\pgflibraryplothandlers.
code.tex"
File: pgflibraryplothandlers.code.tex 2013/08/31 v3.0.1a (rcs-revision 1.20)
\pgf@plot@mark@count=\count147
\pgfplotmarksize=\dimen173
)
\tikz@lastx=\dimen174
\tikz@lasty=\dimen175
\tikz@lastxsaved=\dimen176
\tikz@lastysaved=\dimen177
\tikzleveldistance=\dimen178
\tikzsiblingdistance=\dimen179
\tikz@figbox=\box49
\tikz@figbox@bg=\box50
\tikz@tempbox=\box51
\tikz@tempbox@bg=\box52
\tikztreelevel=\count148
\tikznumberofchildren=\count149
\tikznumberofcurrentchild=\count150
\tikz@fig@count=\count151

("C:\Program Files\MiKTeX 2.9\tex\generic\pgf\modules\pgfmodulematrix.code.tex"
File: pgfmodulematrix.code.tex 2013/09/17  (rcs-revision 1.8)
\pgfmatrixcurrentrow=\count152
\pgfmatrixcurrentcolumn=\count153
\pgf@matrix@numberofcolumns=\count154
)
\tikz@expandcount=\count155

("C:\Program Files\MiKTeX 2.9\tex\generic\pgf\frontendlayer\tikz\libraries\tikz
librarytopaths.code.tex"
File: tikzlibrarytopaths.code.tex 2008/06/17 v3.0.1a (rcs-revision 1.2)
)))
("C:\Program Files\MiKTeX 2.9\tex\generic\pgf\frontendlayer\tikz\libraries\grap
hs\tikzlibrarygraphs.code.tex"
File: tikzlibrarygraphs.code.tex 2015/06/05 v3.0.1a (rcs-revision 1.44)
\tikz@lib@auto@number=\count156
\tikz@qnode@count=\count157
) (BSc_Ernstbrunner_01403753.aux)
\openout1 = `BSc_Ernstbrunner_01403753.aux'.

LaTeX Font Info:    Checking defaults for OML/cmm/m/it on input line 84.
LaTeX Font Info:    ... okay on input line 84.
LaTeX Font Info:    Checking defaults for T1/cmr/m/n on input line 84.
LaTeX Font Info:    ... okay on input line 84.
LaTeX Font Info:    Checking defaults for OT1/cmr/m/n on input line 84.
LaTeX Font Info:    ... okay on input line 84.
LaTeX Font Info:    Checking defaults for OMS/cmsy/m/n on input line 84.
LaTeX Font Info:    ... okay on input line 84.
LaTeX Font Info:    Checking defaults for OMX/cmex/m/n on input line 84.
LaTeX Font Info:    ... okay on input line 84.
LaTeX Font Info:    Checking defaults for U/cmr/m/n on input line 84.
LaTeX Font Info:    ... okay on input line 84.
LaTeX Font Info:    Checking defaults for LY/yfrak/m/n on input line 84.
LaTeX Font Info:    ... okay on input line 84.
LaTeX Font Info:    Checking defaults for LYG/ygoth/m/n on input line 84.
LaTeX Font Info:    ... okay on input line 84.
LaTeX Font Info:    Checking defaults for PD1/pdf/m/n on input line 84.
LaTeX Font Info:    ... okay on input line 84.

("C:\Program Files\MiKTeX 2.9\tex\context\base\supp-pdf.mkii"
[Loading MPS to PDF converter (version 2006.09.02).]
\scratchcounter=\count158
\scratchdimen=\dimen180
\scratchbox=\box53
\nofMPsegments=\count159
\nofMParguments=\count160
\everyMPshowfont=\toks42
\MPscratchCnt=\count161
\MPscratchDim=\dimen181
\MPnumerator=\count162
\makeMPintoPDFobject=\count163
\everyMPtoPDFconversion=\toks43
) ("C:\Program Files\MiKTeX 2.9\tex\latex\oberdiek\epstopdf-base.sty"
Package: epstopdf-base 2016/05/15 v2.6 Base part for package epstopdf

("C:\Program Files\MiKTeX 2.9\tex\latex\oberdiek\grfext.sty"
Package: grfext 2016/05/16 v1.2 Manage graphics extensions (HO)
)
Package epstopdf-base Info: Redefining graphics rule for `.eps' on input line 4
38.
Package grfext Info: Graphics extension search list:
(grfext)             [.pdf,.png,.jpg,.mps,.jpeg,.jbig2,.jb2,.PDF,.PNG,.JPG,.JPE
G,.JBIG2,.JB2,.eps]
(grfext)             \AppendGraphicsExtensions on input line 456.
)
\AtBeginShipoutBox=\box54
Package hyperref Info: Link coloring OFF on input line 84.

("C:\Program Files\MiKTeX 2.9\tex\latex\hyperref\nameref.sty"
Package: nameref 2016/05/21 v2.44 Cross-referencing by name of section

("C:\Program Files\MiKTeX 2.9\tex\generic\oberdiek\gettitlestring.sty"
Package: gettitlestring 2016/05/16 v1.5 Cleanup title references (HO)
)
\c@section@level=\count164
)
LaTeX Info: Redefining \ref on input line 84.
LaTeX Info: Redefining \pageref on input line 84.
LaTeX Info: Redefining \nameref on input line 84.

(BSc_Ernstbrunner_01403753.out) (BSc_Ernstbrunner_01403753.out)
\@outlinefile=\write4
\openout4 = `BSc_Ernstbrunner_01403753.out'.

\c@lstlisting=\count165

("C:\Program Files\MiKTeX 2.9\tex\latex\oberdiek\pdflscape.sty"
Package: pdflscape 2016/05/14 v0.11 Display of landscape pages in PDF (HO)
Package pdflscape Info: Auto-detected driver: pdftex on input line 81.
)
ABD: EveryShipout initializing macros
Package epstopdf Info: Source file: <univie.eps>
(epstopdf)                    date: 2019-01-01 14:21:50
(epstopdf)                    size: 303340 bytes
(epstopdf)             Output file: <univie-eps-converted-to.pdf>
(epstopdf)                    date: 2019-01-16 16:32:44
(epstopdf)                    size: 44591 bytes
(epstopdf)             Command: <epstopdf --outfile=univie-eps-converted-to.pdf
 univie.eps>
(epstopdf)             \includegraphics on input line 94.
Package epstopdf Info: Output file is already uptodate.


pdfTeX warning: pdflatex (file ./univie-eps-converted-to.pdf): PDF inclusion: f
ound PDF version <1.7>, but at most version <1.5> allowed
<univie-eps-converted-to.pdf, id=122, 569.12625pt x 285.065pt>
File: univie-eps-converted-to.pdf Graphic file (type pdf)
<use univie-eps-converted-to.pdf>
Package pdftex.def Info: univie-eps-converted-to.pdf  used on input line 94.
(pdftex.def)             Requested size: 188.21371pt x 94.27182pt.
LaTeX Font Info:    Try loading font information for U+msa on input line 114.
("C:\Program Files\MiKTeX 2.9\tex\latex\amsfonts\umsa.fd"
File: umsa.fd 2013/01/14 v3.01 AMS symbols A
)
LaTeX Font Info:    Try loading font information for U+msb on input line 114.

("C:\Program Files\MiKTeX 2.9\tex\latex\amsfonts\umsb.fd"
File: umsb.fd 2013/01/14 v3.01 AMS symbols B
) [1

{C:/Users/Robert/AppData/Local/MiKTeX/2.9/pdftex/config/pdftex.map} <./univie-e
ps-converted-to.pdf>]
LaTeX Font Info:    Try loading font information for T1+phv on input line 131.
 ("C:\Program Files\MiKTeX 2.9\tex\latex\psnfss\t1phv.fd"
File: t1phv.fd 2001/06/04 scalable font definitions for T1/phv.
)
LaTeX Font Info:    Font shape `T1/phv/bx/n' in size <10.95> not available
(Font)              Font shape `T1/phv/b/n' tried instead on input line 131.
LaTeX Font Info:    Font shape `T1/phv/bx/n' in size <14.4> not available
(Font)              Font shape `T1/phv/b/n' tried instead on input line 131.

(BSc_Ernstbrunner_01403753.toc)
\tf@toc=\write5
\openout5 = `BSc_Ernstbrunner_01403753.toc'.

 [2

]
LaTeX Font Info:    Try loading font information for OMS+cmr on input line 136.


("C:\Program Files\MiKTeX 2.9\tex\latex\base\omscmr.fd"
File: omscmr.fd 2014/09/29 v2.5h Standard LaTeX font definitions
)
LaTeX Font Info:    Font shape `OMS/cmr/m/n' in size <10.95> not available
(Font)              Font shape `OMS/cmsy/m/n' tried instead on input line 136.
 [3]
LaTeX Font Info:    Font shape `T1/phv/bx/n' in size <12> not available
(Font)              Font shape `T1/phv/b/n' tried instead on input line 152.


Package amsfonts Warning: Obsolete command \frak; \mathfrak should be used inst
ead on input line 156.

LaTeX Font Info:    Try loading font information for U+euf on input line 156.
("C:\Program Files\MiKTeX 2.9\tex\latex\amsfonts\ueuf.fd"
File: ueuf.fd 2013/01/14 v3.01 Euler Fraktur
)
Overfull \hbox (2.55415pt too wide) in paragraph at lines 160--161
[]\T1/cmr/m/n/10.95 If again, $\OML/cmm/m/it/10.95 V$ \T1/cmr/m/n/10.95 is a ma
-trix con-sist-ing of $\OML/cmm/m/it/10.95 s$ \T1/cmr/m/n/10.95 vec-tors $[]$, 
then $[] \OT1/cmr/m/n/10.95 = [\OML/cmm/m/it/10.95 v[]; v[]; [] ; v[]\OT1/cmr/m
/n/10.95 ]$\T1/cmr/m/n/10.95 .
 []

[4]
Underfull \hbox (badness 10000) in paragraph at lines 191--192

 []


Underfull \hbox (badness 10000) in paragraph at lines 195--198

 []

[5]
Underfull \hbox (badness 10000) in paragraph at lines 210--211

 []

[6] [7]
Underfull \hbox (badness 10000) in paragraph at lines 353--354

 []

LaTeX Font Info:    Try loading font information for T1+cmtt on input line 372.

("C:\Program Files\MiKTeX 2.9\tex\latex\base\t1cmtt.fd"
File: t1cmtt.fd 2014/09/29 v2.5h Standard LaTeX font definitions
)
Overfull \hbox (5.02742pt too wide) in paragraph at lines 362--373
[]\T1/cmr/m/n/10.95 source above! \T1/cmtt/m/n/10.95 At the heart of Arnoldi's 
method is a Gram-Schmidt process, and
 []


Overfull \hbox (45.73087pt too wide) in paragraph at lines 362--373
\T1/cmtt/m/n/10.95 so we refer to the GMRES implementation of [8] as the Gram-S
chmidt implementation.
 []


Overfull \hbox (40.0725pt too wide) in paragraph at lines 362--373
\T1/cmtt/m/n/10.95 The basic form of Arnoldi's method given above employs the c
lassical Gram-Schmidt
 []


Overfull \hbox (11.78064pt too wide) in paragraph at lines 362--373
\T1/cmtt/m/n/10.95 process, which is numerically untrustworthy. Because of roun
doff, there may
 []


Overfull \hbox (6.12227pt too wide) in paragraph at lines 362--373
\T1/cmtt/m/n/10.95 be severe loss of orthogonality among the computed Vm'S. In 
practice, it is
 []


Overfull \hbox (6.12227pt too wide) in paragraph at lines 362--373
\T1/cmtt/m/n/10.95 usual to implement Arnoldi's method using the modified Gram-
Schmidt process
 []


Overfull \hbox (6.12227pt too wide) in paragraph at lines 362--373
\T1/cmtt/m/n/10.95 (see Golub and Van Loan [4]). Mathematically, this is just a
 rearrangement
 []


Overfull \hbox (11.78064pt too wide) in paragraph at lines 362--373
\T1/cmtt/m/n/10.95 of the classical process; computationally, it has superior p
roperties. Even
 []


Overfull \hbox (11.78064pt too wide) in paragraph at lines 362--373
\T1/cmtt/m/n/10.95 the modified Gram-Schmidt process can fail to perform well i
f the vectors on
 []


Overfull \hbox (34.41412pt too wide) in paragraph at lines 362--373
\T1/cmtt/m/n/10.95 which it operates are not sufficiently independent. Indeed, 
if S (sl,... ,sin)
 []


Overfull \hbox (23.09738pt too wide) in paragraph at lines 362--373
\T1/cmtt/m/n/10.95 is an n m matrix the columns of which are to be orthonormali
zed and if Q (ql,.
 []


Overfull \hbox (6.12227pt too wide) in paragraph at lines 362--373
\T1/cmtt/m/n/10.95 qm) is the computed result of applying modified Gram-Schmidt
 to the columns
 []


Overfull \hbox (11.78064pt too wide) in paragraph at lines 362--373
\T1/cmtt/m/n/10.95 of S using floating point arithmetic with unit rounding erro
r u, then Bjorck
 []


Overfull \hbox (0.4639pt too wide) in paragraph at lines 362--373
\T1/cmtt/m/n/10.95 [1] has shown that (1.6) QTQ I + E, [IEll2 where the conditi
on number 2(S)
 []


Overfull \hbox (11.78064pt too wide) in paragraph at lines 362--373
\T1/cmtt/m/n/10.95 is the ratio of the largest singular value of S to the small
est. It follows
 []


Overfull \hbox (11.78064pt too wide) in paragraph at lines 362--373
\T1/cmtt/m/n/10.95 that at the mth step of Arnoldi's method using modified Gram
Schmidt, Vm+ may
 []


Overfull \hbox (57.0476pt too wide) in paragraph at lines 362--373
\T1/cmtt/m/n/10.95 have a significantly nonzero conponent in the span of vl,. V
m if 2((vl,...,vm,Avm))
 []


Overfull \hbox (23.09738pt too wide) in paragraph at lines 362--373
\T1/cmtt/m/n/10.95 is large, i. e., if Avm is nearly in the span of vl,...,Vm. 
Shad [7, p. 214
 []


Overfull \hbox (51.38924pt too wide) in paragraph at lines 362--373
\T1/cmtt/m/n/10.95 has suggested that the Gram-Schmidt process in Arnoldi's met
hod may be an important
 []


Overfull \hbox (34.41412pt too wide) in paragraph at lines 362--373
\T1/cmtt/m/n/10.95 source of errors in the full and incomplete orthogonalizatio
n methods ([6],[7]),
 []

[8]
Underfull \hbox (badness 10000) in paragraph at lines 382--385

 []


Underfull \hbox (badness 10000) in paragraph at lines 402--404

 []

[9] [10]
Underfull \hbox (badness 10000) in paragraph at lines 469--474

 []


Underfull \hbox (badness 10000) in paragraph at lines 475--476

 []


Underfull \hbox (badness 10000) in paragraph at lines 503--504

 []


Underfull \hbox (badness 10000) in paragraph at lines 505--506

 []


Underfull \hbox (badness 10000) in paragraph at lines 514--516

 []

[11]
Package hyperref Info: bookmark level for unknown algorithm defaults to 0 on in
put line 585.
 [12] [13]
Underfull \hbox (badness 10000) in paragraph at lines 642--644

 []

[14] [15]
Underfull \hbox (badness 10000) in paragraph at lines 718--719

 []


LaTeX Warning: Command \textregistered invalid in math mode on input line 728.


LaTeX Warning: Command \textcircled invalid in math mode on input line 728.


LaTeX Warning: Command \textcircled invalid in math mode on input line 728.

[16] (dmat1.tex
\gptboxheight=\skip69
\gptboxwidth=\skip70
\gptboxtext=\box55
Package epstopdf Info: Source file: <dmat1.eps>
(epstopdf)                    date: 2019-01-14 20:42:16
(epstopdf)                    size: 29403 bytes
(epstopdf)             Output file: <dmat1-eps-converted-to.pdf>
(epstopdf)                    date: 2019-01-16 16:32:45
(epstopdf)                    size: 17071 bytes
(epstopdf)             Command: <epstopdf --outfile=dmat1-eps-converted-to.pdf 
dmat1.eps>
(epstopdf)             \includegraphics on input line 125.
Package epstopdf Info: Output file is already uptodate.


pdfTeX warning: pdflatex (file ./dmat1-eps-converted-to.pdf): PDF inclusion: fo
und PDF version <1.7>, but at most version <1.5> allowed
<dmat1-eps-converted-to.pdf, id=346, 361.35pt x 252.945pt>
File: dmat1-eps-converted-to.pdf Graphic file (type pdf)
<use dmat1-eps-converted-to.pdf>
Package pdftex.def Info: dmat1-eps-converted-to.pdf  used on input line 125.
(pdftex.def)             Requested size: 361.34912pt x 252.94438pt.
) (dmat2.tex
Package epstopdf Info: Source file: <dmat2.eps>
(epstopdf)                    date: 2019-01-14 20:44:11
(epstopdf)                    size: 29320 bytes
(epstopdf)             Output file: <dmat2-eps-converted-to.pdf>
(epstopdf)                    date: 2019-01-16 16:32:46
(epstopdf)                    size: 16921 bytes
(epstopdf)             Command: <epstopdf --outfile=dmat2-eps-converted-to.pdf 
dmat2.eps>
(epstopdf)             \includegraphics on input line 125.
Package epstopdf Info: Output file is already uptodate.


pdfTeX warning: pdflatex (file ./dmat2-eps-converted-to.pdf): PDF inclusion: fo
und PDF version <1.7>, but at most version <1.5> allowed
<dmat2-eps-converted-to.pdf, id=347, 361.35pt x 252.945pt>
File: dmat2-eps-converted-to.pdf Graphic file (type pdf)
<use dmat2-eps-converted-to.pdf>
Package pdftex.def Info: dmat2-eps-converted-to.pdf  used on input line 125.
(pdftex.def)             Requested size: 361.34912pt x 252.94438pt.
) (dmat3.tex
Package epstopdf Info: Source file: <dmat3.eps>
(epstopdf)                    date: 2019-01-14 20:44:27
(epstopdf)                    size: 29296 bytes
(epstopdf)             Output file: <dmat3-eps-converted-to.pdf>
(epstopdf)                    date: 2019-01-16 16:32:46
(epstopdf)                    size: 16838 bytes
(epstopdf)             Command: <epstopdf --outfile=dmat3-eps-converted-to.pdf 
dmat3.eps>
(epstopdf)             \includegraphics on input line 125.
Package epstopdf Info: Output file is already uptodate.


pdfTeX warning: pdflatex (file ./dmat3-eps-converted-to.pdf): PDF inclusion: fo
und PDF version <1.7>, but at most version <1.5> allowed
<dmat3-eps-converted-to.pdf, id=348, 361.35pt x 252.945pt>
File: dmat3-eps-converted-to.pdf Graphic file (type pdf)
<use dmat3-eps-converted-to.pdf>
Package pdftex.def Info: dmat3-eps-converted-to.pdf  used on input line 125.
(pdftex.def)             Requested size: 361.34912pt x 252.94438pt.
) (dmat1_scale.tex
Package epstopdf Info: Source file: <dmat1_scale.eps>
(epstopdf)                    date: 2019-01-14 20:42:16
(epstopdf)                    size: 29403 bytes
(epstopdf)             Output file: <dmat1_scale-eps-converted-to.pdf>
(epstopdf)                    date: 2019-01-16 16:32:47
(epstopdf)                    size: 17075 bytes
(epstopdf)             Command: <epstopdf --outfile=dmat1_scale-eps-converted-t
o.pdf dmat1_scale.eps>
(epstopdf)             \includegraphics on input line 125.
Package epstopdf Info: Output file is already uptodate.


pdfTeX warning: pdflatex (file ./dmat1_scale-eps-converted-to.pdf): PDF inclusi
on: found PDF version <1.7>, but at most version <1.5> allowed
<dmat1_scale-eps-converted-to.pdf, id=349, 361.35pt x 252.945pt>
File: dmat1_scale-eps-converted-to.pdf Graphic file (type pdf)
<use dmat1_scale-eps-converted-to.pdf>
Package pdftex.def Info: dmat1_scale-eps-converted-to.pdf  used on input line 1
25.
(pdftex.def)             Requested size: 361.34912pt x 252.94438pt.
) (dmat2_scale.tex
Package epstopdf Info: Source file: <dmat2_scale.eps>
(epstopdf)                    date: 2019-01-14 20:42:38
(epstopdf)                    size: 29320 bytes
(epstopdf)             Output file: <dmat2_scale-eps-converted-to.pdf>
(epstopdf)                    date: 2019-01-16 16:32:48
(epstopdf)                    size: 16877 bytes
(epstopdf)             Command: <epstopdf --outfile=dmat2_scale-eps-converted-t
o.pdf dmat2_scale.eps>
(epstopdf)             \includegraphics on input line 125.
Package epstopdf Info: Output file is already uptodate.


pdfTeX warning: pdflatex (file ./dmat2_scale-eps-converted-to.pdf): PDF inclusi
on: found PDF version <1.7>, but at most version <1.5> allowed
<dmat2_scale-eps-converted-to.pdf, id=350, 361.35pt x 252.945pt>
File: dmat2_scale-eps-converted-to.pdf Graphic file (type pdf)
<use dmat2_scale-eps-converted-to.pdf>
Package pdftex.def Info: dmat2_scale-eps-converted-to.pdf  used on input line 1
25.
(pdftex.def)             Requested size: 361.34912pt x 252.94438pt.
) (dmat3_scale.tex
Package epstopdf Info: Source file: <dmat3_scale.eps>
(epstopdf)                    date: 2019-01-14 20:42:52
(epstopdf)                    size: 29296 bytes
(epstopdf)             Output file: <dmat3_scale-eps-converted-to.pdf>
(epstopdf)                    date: 2019-01-16 16:32:48
(epstopdf)                    size: 16821 bytes
(epstopdf)             Command: <epstopdf --outfile=dmat3_scale-eps-converted-t
o.pdf dmat3_scale.eps>
(epstopdf)             \includegraphics on input line 125.
Package epstopdf Info: Output file is already uptodate.


pdfTeX warning: pdflatex (file ./dmat3_scale-eps-converted-to.pdf): PDF inclusi
on: found PDF version <1.7>, but at most version <1.5> allowed
<dmat3_scale-eps-converted-to.pdf, id=351, 361.35pt x 252.945pt>
File: dmat3_scale-eps-converted-to.pdf Graphic file (type pdf)
<use dmat3_scale-eps-converted-to.pdf>
Package pdftex.def Info: dmat3_scale-eps-converted-to.pdf  used on input line 1
25.
(pdftex.def)             Requested size: 361.34912pt x 252.94438pt.
) (watt1_noscale.tex
Package epstopdf Info: Source file: <watt1_noscale.eps>
(epstopdf)                    date: 2019-01-12 20:19:51
(epstopdf)                    size: 43592 bytes
(epstopdf)             Output file: <watt1_noscale-eps-converted-to.pdf>
(epstopdf)                    date: 2019-01-16 16:32:49
(epstopdf)                    size: 54233 bytes
(epstopdf)             Command: <epstopdf --outfile=watt1_noscale-eps-converted
-to.pdf watt1_noscale.eps>
(epstopdf)             \includegraphics on input line 123.
Package epstopdf Info: Output file is already uptodate.


pdfTeX warning: pdflatex (file ./watt1_noscale-eps-converted-to.pdf): PDF inclu
sion: found PDF version <1.7>, but at most version <1.5> allowed
<watt1_noscale-eps-converted-to.pdf, id=352, 361.35pt x 252.945pt>
File: watt1_noscale-eps-converted-to.pdf Graphic file (type pdf)
<use watt1_noscale-eps-converted-to.pdf>
Package pdftex.def Info: watt1_noscale-eps-converted-to.pdf  used on input line
 123.
(pdftex.def)             Requested size: 361.34912pt x 252.94438pt.
) (watt1_scale.tex
Package epstopdf Info: Source file: <watt1_scale.eps>
(epstopdf)                    date: 2019-01-15 02:25:09
(epstopdf)                    size: 38260 bytes
(epstopdf)             Output file: <watt1_scale-eps-converted-to.pdf>
(epstopdf)                    date: 2019-01-16 16:32:50
(epstopdf)                    size: 40418 bytes
(epstopdf)             Command: <epstopdf --outfile=watt1_scale-eps-converted-t
o.pdf watt1_scale.eps>
(epstopdf)             \includegraphics on input line 123.
Package epstopdf Info: Output file is already uptodate.


pdfTeX warning: pdflatex (file ./watt1_scale-eps-converted-to.pdf): PDF inclusi
on: found PDF version <1.7>, but at most version <1.5> allowed
<watt1_scale-eps-converted-to.pdf, id=353, 361.35pt x 252.945pt>
File: watt1_scale-eps-converted-to.pdf Graphic file (type pdf)
<use watt1_scale-eps-converted-to.pdf>
Package pdftex.def Info: watt1_scale-eps-converted-to.pdf  used on input line 1
23.
(pdftex.def)             Requested size: 361.34912pt x 252.94438pt.
) (watt1_ilu0.tex
Package epstopdf Info: Source file: <watt1_ilu0.eps>
(epstopdf)                    date: 2019-01-12 19:15:55
(epstopdf)                    size: 21352 bytes
(epstopdf)             Output file: <watt1_ilu0-eps-converted-to.pdf>
(epstopdf)                    date: 2019-01-16 16:32:50
(epstopdf)                    size: 5787 bytes
(epstopdf)             Command: <epstopdf --outfile=watt1_ilu0-eps-converted-to
.pdf watt1_ilu0.eps>
(epstopdf)             \includegraphics on input line 123.
Package epstopdf Info: Output file is already uptodate.


pdfTeX warning: pdflatex (file ./watt1_ilu0-eps-converted-to.pdf): PDF inclusio
n: found PDF version <1.7>, but at most version <1.5> allowed
<watt1_ilu0-eps-converted-to.pdf, id=354, 361.35pt x 252.945pt>
File: watt1_ilu0-eps-converted-to.pdf Graphic file (type pdf)
<use watt1_ilu0-eps-converted-to.pdf>
Package pdftex.def Info: watt1_ilu0-eps-converted-to.pdf  used on input line 12
3.
(pdftex.def)             Requested size: 361.34912pt x 252.94438pt.
) (pwtk_noscale.tex
Package epstopdf Info: Source file: <pwtk_noscale.eps>
(epstopdf)                    date: 2019-01-14 19:37:26
(epstopdf)                    size: 36032 bytes
(epstopdf)             Output file: <pwtk_noscale-eps-converted-to.pdf>
(epstopdf)                    date: 2019-01-16 16:32:51
(epstopdf)                    size: 34850 bytes
(epstopdf)             Command: <epstopdf --outfile=pwtk_noscale-eps-converted-
to.pdf pwtk_noscale.eps>
(epstopdf)             \includegraphics on input line 119.
Package epstopdf Info: Output file is already uptodate.


pdfTeX warning: pdflatex (file ./pwtk_noscale-eps-converted-to.pdf): PDF inclus
ion: found PDF version <1.7>, but at most version <1.5> allowed
<pwtk_noscale-eps-converted-to.pdf, id=355, 361.35pt x 252.945pt>
File: pwtk_noscale-eps-converted-to.pdf Graphic file (type pdf)
<use pwtk_noscale-eps-converted-to.pdf>
Package pdftex.def Info: pwtk_noscale-eps-converted-to.pdf  used on input line 
119.
(pdftex.def)             Requested size: 361.34912pt x 252.94438pt.
) (pwtk_scale.tex
Package epstopdf Info: Source file: <pwtk_scale.eps>
(epstopdf)                    date: 2019-01-14 19:25:20
(epstopdf)                    size: 36044 bytes
(epstopdf)             Output file: <pwtk_scale-eps-converted-to.pdf>
(epstopdf)                    date: 2019-01-16 16:32:52
(epstopdf)                    size: 35041 bytes
(epstopdf)             Command: <epstopdf --outfile=pwtk_scale-eps-converted-to
.pdf pwtk_scale.eps>
(epstopdf)             \includegraphics on input line 119.
Package epstopdf Info: Output file is already uptodate.


pdfTeX warning: pdflatex (file ./pwtk_scale-eps-converted-to.pdf): PDF inclusio
n: found PDF version <1.7>, but at most version <1.5> allowed
<pwtk_scale-eps-converted-to.pdf, id=356, 361.35pt x 252.945pt>
File: pwtk_scale-eps-converted-to.pdf Graphic file (type pdf)
<use pwtk_scale-eps-converted-to.pdf>
Package pdftex.def Info: pwtk_scale-eps-converted-to.pdf  used on input line 11
9.
(pdftex.def)             Requested size: 361.34912pt x 252.94438pt.
) (bmw7st1.tex
Package epstopdf Info: Source file: <bmw7st1.eps>
(epstopdf)                    date: 2019-01-14 21:13:23
(epstopdf)                    size: 35575 bytes
(epstopdf)             Output file: <bmw7st1-eps-converted-to.pdf>
(epstopdf)                    date: 2019-01-16 16:32:52
(epstopdf)                    size: 32710 bytes
(epstopdf)             Command: <epstopdf --outfile=bmw7st1-eps-converted-to.pd
f bmw7st1.eps>
(epstopdf)             \includegraphics on input line 123.
Package epstopdf Info: Output file is already uptodate.


pdfTeX warning: pdflatex (file ./bmw7st1-eps-converted-to.pdf): PDF inclusion: 
found PDF version <1.7>, but at most version <1.5> allowed
<bmw7st1-eps-converted-to.pdf, id=357, 361.35pt x 252.945pt>
File: bmw7st1-eps-converted-to.pdf Graphic file (type pdf)
<use bmw7st1-eps-converted-to.pdf>
Package pdftex.def Info: bmw7st1-eps-converted-to.pdf  used on input line 123.
(pdftex.def)             Requested size: 361.34912pt x 252.94438pt.
) (bmw7st1_scale.tex
Package epstopdf Info: Source file: <bmw7st1_scale.eps>
(epstopdf)                    date: 2019-01-14 21:15:09
(epstopdf)                    size: 35411 bytes
(epstopdf)             Output file: <bmw7st1_scale-eps-converted-to.pdf>
(epstopdf)                    date: 2019-01-16 16:32:53
(epstopdf)                    size: 32614 bytes
(epstopdf)             Command: <epstopdf --outfile=bmw7st1_scale-eps-converted
-to.pdf bmw7st1_scale.eps>
(epstopdf)             \includegraphics on input line 123.
Package epstopdf Info: Output file is already uptodate.


pdfTeX warning: pdflatex (file ./bmw7st1_scale-eps-converted-to.pdf): PDF inclu
sion: found PDF version <1.7>, but at most version <1.5> allowed
<bmw7st1_scale-eps-converted-to.pdf, id=358, 361.35pt x 252.945pt>
File: bmw7st1_scale-eps-converted-to.pdf Graphic file (type pdf)
<use bmw7st1_scale-eps-converted-to.pdf>
Package pdftex.def Info: bmw7st1_scale-eps-converted-to.pdf  used on input line
 123.
(pdftex.def)             Requested size: 361.34912pt x 252.94438pt.
) (xenon2.tex
Package epstopdf Info: Source file: <xenon2.eps>
(epstopdf)                    date: 2019-01-14 20:24:32
(epstopdf)                    size: 35211 bytes
(epstopdf)             Output file: <xenon2-eps-converted-to.pdf>
(epstopdf)                    date: 2019-01-16 16:32:54
(epstopdf)                    size: 32610 bytes
(epstopdf)             Command: <epstopdf --outfile=xenon2-eps-converted-to.pdf
 xenon2.eps>
(epstopdf)             \includegraphics on input line 121.
Package epstopdf Info: Output file is already uptodate.


pdfTeX warning: pdflatex (file ./xenon2-eps-converted-to.pdf): PDF inclusion: f
ound PDF version <1.7>, but at most version <1.5> allowed
<xenon2-eps-converted-to.pdf, id=359, 361.35pt x 252.945pt>
File: xenon2-eps-converted-to.pdf Graphic file (type pdf)
<use xenon2-eps-converted-to.pdf>
Package pdftex.def Info: xenon2-eps-converted-to.pdf  used on input line 121.
(pdftex.def)             Requested size: 361.34912pt x 252.94438pt.
) (xenon2_scale.tex
Package epstopdf Info: Source file: <xenon2_scale.eps>
(epstopdf)                    date: 2019-01-14 20:20:34
(epstopdf)                    size: 35211 bytes
(epstopdf)             Output file: <xenon2_scale-eps-converted-to.pdf>
(epstopdf)                    date: 2019-01-16 16:32:54
(epstopdf)                    size: 32624 bytes
(epstopdf)             Command: <epstopdf --outfile=xenon2_scale-eps-converted-
to.pdf xenon2_scale.eps>
(epstopdf)             \includegraphics on input line 121.
Package epstopdf Info: Output file is already uptodate.


pdfTeX warning: pdflatex (file ./xenon2_scale-eps-converted-to.pdf): PDF inclus
ion: found PDF version <1.7>, but at most version <1.5> allowed
<xenon2_scale-eps-converted-to.pdf, id=360, 361.35pt x 252.945pt>
File: xenon2_scale-eps-converted-to.pdf Graphic file (type pdf)
<use xenon2_scale-eps-converted-to.pdf>
Package pdftex.def Info: xenon2_scale-eps-converted-to.pdf  used on input line 
121.
(pdftex.def)             Requested size: 361.34912pt x 252.94438pt.
) (bcsstk18_noscale.tex
Package epstopdf Info: Source file: <bcsstk18_noscale.eps>
(epstopdf)                    date: 2019-01-15 21:57:20
(epstopdf)                    size: 35972 bytes
(epstopdf)             Output file: <bcsstk18_noscale-eps-converted-to.pdf>
(epstopdf)                    date: 2019-01-15 22:00:08
(epstopdf)                    size: 34410 bytes
(epstopdf)             Command: <epstopdf --outfile=bcsstk18_noscale-eps-conver
ted-to.pdf bcsstk18_noscale.eps>
(epstopdf)             \includegraphics on input line 121.
Package epstopdf Info: Output file is already uptodate.


pdfTeX warning: pdflatex (file ./bcsstk18_noscale-eps-converted-to.pdf): PDF in
clusion: found PDF version <1.7>, but at most version <1.5> allowed
<bcsstk18_noscale-eps-converted-to.pdf, id=361, 361.35pt x 252.945pt>
File: bcsstk18_noscale-eps-converted-to.pdf Graphic file (type pdf)
<use bcsstk18_noscale-eps-converted-to.pdf>
Package pdftex.def Info: bcsstk18_noscale-eps-converted-to.pdf  used on input l
ine 121.
(pdftex.def)             Requested size: 361.34912pt x 252.94438pt.
) (bcsstk18_scale.tex
Package epstopdf Info: Source file: <bcsstk18_scale.eps>
(epstopdf)                    date: 2019-01-15 21:59:24
(epstopdf)                    size: 35612 bytes
(epstopdf)             Output file: <bcsstk18_scale-eps-converted-to.pdf>
(epstopdf)                    date: 2019-01-16 16:32:55
(epstopdf)                    size: 33949 bytes
(epstopdf)             Command: <epstopdf --outfile=bcsstk18_scale-eps-converte
d-to.pdf bcsstk18_scale.eps>
(epstopdf)             \includegraphics on input line 121.
Package epstopdf Info: Output file is already uptodate.


pdfTeX warning: pdflatex (file ./bcsstk18_scale-eps-converted-to.pdf): PDF incl
usion: found PDF version <1.7>, but at most version <1.5> allowed
<bcsstk18_scale-eps-converted-to.pdf, id=362, 361.35pt x 252.945pt>
File: bcsstk18_scale-eps-converted-to.pdf Graphic file (type pdf)
<use bcsstk18_scale-eps-converted-to.pdf>
Package pdftex.def Info: bcsstk18_scale-eps-converted-to.pdf  used on input lin
e 121.
(pdftex.def)             Requested size: 361.34912pt x 252.94438pt.
) (runtimes_matrices.tex
Package epstopdf Info: Source file: <runtimes_matrices.eps>
(epstopdf)                    date: 2019-01-09 16:15:04
(epstopdf)                    size: 25735 bytes
(epstopdf)             Output file: <runtimes_matrices-eps-converted-to.pdf>
(epstopdf)                    date: 2019-01-16 16:32:56
(epstopdf)                    size: 3610 bytes
(epstopdf)             Command: <epstopdf --outfile=runtimes_matrices-eps-conve
rted-to.pdf runtimes_matrices.eps>
(epstopdf)             \includegraphics on input line 130.
Package epstopdf Info: Output file is already uptodate.


pdfTeX warning: pdflatex (file ./runtimes_matrices-eps-converted-to.pdf): PDF i
nclusion: found PDF version <1.7>, but at most version <1.5> allowed
<runtimes_matrices-eps-converted-to.pdf, id=363, 361.35pt x 252.945pt>
File: runtimes_matrices-eps-converted-to.pdf Graphic file (type pdf)
<use runtimes_matrices-eps-converted-to.pdf>
Package pdftex.def Info: runtimes_matrices-eps-converted-to.pdf  used on input 
line 130.
(pdftex.def)             Requested size: 361.34912pt x 252.94438pt.
) [17 <./dmat1-eps-converted-to.pdf>] [18 <./dmat2-eps-converted-to.pdf> <./dma
t3-eps-converted-to.pdf>] [19 <./dmat1_scale-eps-converted-to.pdf> <./dmat2_sca
le-eps-converted-to.pdf>] [20 <./dmat3_scale-eps-converted-to.pdf> <./watt1_nos
cale-eps-converted-to.pdf>] [21 <./watt1_scale-eps-converted-to.pdf> <./watt1_i
lu0-eps-converted-to.pdf>] [22 <./pwtk_noscale-eps-converted-to.pdf> <./pwtk_sc
ale-eps-converted-to.pdf>] [23 <./bmw7st1-eps-converted-to.pdf> <./bmw7st1_scal
e-eps-converted-to.pdf>] [24 <./xenon2-eps-converted-to.pdf> <./xenon2_scale-ep
s-converted-to.pdf>] [25 <./bcsstk18_noscale-eps-converted-to.pdf> <./bcsstk18_
scale-eps-converted-to.pdf>]
Underfull \hbox (badness 10000) in paragraph at lines 878--880

 []


Underfull \hbox (badness 10000) in paragraph at lines 880--882

 []

[26 <./runtimes_matrices-eps-converted-to.pdf>]
Underfull \hbox (badness 10000) in paragraph at lines 900--902

 []


Underfull \hbox (badness 10000) in paragraph at lines 922--923

 []

[27] (BSc_Ernstbrunner_01403753.bbl [28])

Class scrartcl Warning: \float@listhead detected!
(scrartcl)              Implementation of \float@listhead became
(scrartcl)              deprecated in KOMA-Script v3.01 2008/11/14 and
(scrartcl)              has been replaced by several more flexible
(scrartcl)              features of package `tocbasic`.
(scrartcl)              Maybe implementation of \float@listhead will
(scrartcl)              be removed from KOMA-Script soon.
(scrartcl)              Loading of package `scrhack' may help to
(scrartcl)              avoid this warning, if you are using a
(scrartcl)              a package that still implements the
(scrartcl)              deprecated \float@listhead interface  on input line 950
.

(BSc_Ernstbrunner_01403753.loa)
\tf@loa=\write6
\openout6 = `BSc_Ernstbrunner_01403753.loa'.


Underfull \hbox (badness 10000) in paragraph at lines 953--954

 []

[29]
Package atveryend Info: Empty hook `BeforeClearDocument' on input line 965.
Package atveryend Info: Empty hook `AfterLastShipout' on input line 965.
 (BSc_Ernstbrunner_01403753.aux)
Package atveryend Info: Executing hook `AtVeryEndDocument' on input line 965.
Package atveryend Info: Executing hook `AtEndAfterFileList' on input line 965.


Package rerunfilecheck Warning: File `BSc_Ernstbrunner_01403753.out' has change
d.
(rerunfilecheck)                Rerun to get outlines right
(rerunfilecheck)                or use package `bookmark'.

Package rerunfilecheck Info: Checksums for `BSc_Ernstbrunner_01403753.out':
(rerunfilecheck)             Before: 4E497ADC15E55F8DC43153622D7BEF6E;1949
(rerunfilecheck)             After:  3B2832B3DD007B5E1C76469F286B08B6;1959.

LaTeX Font Warning: Size substitutions with differences
(Font)              up to 4.0pt have occurred.

Package atveryend Info: Empty hook `AtVeryVeryEnd' on input line 965.
 ) 
Here is how much of TeX's memory you used:
 22653 strings out of 492946
 422192 string characters out of 3135525
 626854 words of memory out of 3000000
 25913 multiletter control sequences out of 15000+200000
 41073 words of font info for 70 fonts, out of 3000000 for 9000
 1141 hyphenation exceptions out of 8191
 64i,15n,70p,9133b,1133s stack positions out of 5000i,500n,10000p,200000b,50000s
 <C:\Users\Robert\AppData\Local\MiKTeX\2.9\fonts\pk\ljfour\jknappen\ec\dpi600
\ecbx2074.pk>{C:/Program Files/MiKTeX 2.9/fonts/enc/dvips/base/8r.enc} <C:\User
s\Robert\AppData\Local\MiKTeX\2.9\fonts\pk\ljfour\jknappen\ec\dpi600\ecrm0900.p
k> <C:\Users\Robert\AppData\Local\MiKTeX\2.9\fonts\pk\ljfour\public\yfrak\dpi65
7\yfrak.pk> <C:\Users\Robert\AppData\Local\MiKTeX\2.9\fonts\pk\ljfour\jknappen\
ec\dpi600\ectt1095.pk> <C:\Users\Robert\AppData\Local\MiKTeX\2.9\fonts\pk\ljfou
r\jknappen\ec\dpi600\ecbx1095.pk> <C:\Users\Robert\AppData\Local\MiKTeX\2.9\fon
ts\pk\ljfour\jknappen\ec\dpi600\ecrm0800.pk> <C:\Users\Robert\AppData\Local\MiK
TeX\2.9\fonts\pk\ljfour\jknappen\ec\dpi600\ecti1095.pk> <C:\Users\Robert\AppDat
a\Local\MiKTeX\2.9\fonts\pk\ljfour\jknappen\ec\dpi600\ecrm1440.pk> <C:\Users\Ro
bert\AppData\Local\MiKTeX\2.9\fonts\pk\ljfour\jknappen\ec\dpi600\ecrm1095.pk> <
C:\Users\Robert\AppData\Local\MiKTeX\2.9\fonts\pk\ljfour\jknappen\ec\dpi600\ecc
c1440.pk> <C:\Users\Robert\AppData\Local\MiKTeX\2.9\fonts\pk\ljfour\jknappen\ec
\dpi600\eccc2488.pk><C:/Program Files/MiKTeX 2.9/fonts/type1/public/amsfonts/cm
/cmex10.pfb><C:/Program Files/MiKTeX 2.9/fonts/type1/public/amsfonts/cm/cmmi10.
pfb><C:/Program Files/MiKTeX 2.9/fonts/type1/public/amsfonts/cm/cmmi6.pfb><C:/P
rogram Files/MiKTeX 2.9/fonts/type1/public/amsfonts/cm/cmmi8.pfb><C:/Program Fi
les/MiKTeX 2.9/fonts/type1/public/amsfonts/cm/cmr10.pfb><C:/Program Files/MiKTe
X 2.9/fonts/type1/public/amsfonts/cm/cmr6.pfb><C:/Program Files/MiKTeX 2.9/font
s/type1/public/amsfonts/cm/cmr8.pfb><C:/Program Files/MiKTeX 2.9/fonts/type1/pu
blic/amsfonts/cm/cmsy10.pfb><C:/Program Files/MiKTeX 2.9/fonts/type1/public/ams
fonts/cm/cmsy6.pfb><C:/Program Files/MiKTeX 2.9/fonts/type1/public/amsfonts/cm/
cmsy8.pfb><C:/Program Files/MiKTeX 2.9/fonts/type1/public/amsfonts/euler/eufm10
.pfb><C:/Program Files/MiKTeX 2.9/fonts/type1/public/amsfonts/symbols/msbm10.pf
b><C:/Program Files/MiKTeX 2.9/fonts/type1/urw/helvetic/uhvb8a.pfb><C:/Program 
Files/MiKTeX 2.9/fonts/type1/urw/helvetic/uhvr8a.pfb>
Output written on BSc_Ernstbrunner_01403753.pdf (29 pages, 840482 bytes).
PDF statistics:
 926 PDF objects out of 1000 (max. 8388607)
 164 named destinations out of 1000 (max. 500000)
 340 words of extra memory for PDF output out of 10000 (max. 10000000)

